<?xml version="1.0" encoding="UTF-8"?>
<testng-results skipped="0" failed="0" total="1" passed="1">
  <reporter-output>
  </reporter-output>
  <suite name="Suite" duration-ms="13494" started-at="2018-04-03T20:16:53Z" finished-at="2018-04-03T20:17:07Z">
    <groups>
    </groups>
    <test name="Test" duration-ms="13494" started-at="2018-04-03T20:16:53Z" finished-at="2018-04-03T20:17:07Z">
      <class name="trial.Test1">
        <test-method status="PASS" signature="login()[pri:0, instance:trial.Test1@643b1d11]" name="login" duration-ms="13475" started-at="2018-04-04T01:46:53Z" finished-at="2018-04-04T01:47:07Z">
          <reporter-output>
          </reporter-output>
        </test-method> <!-- login -->
      </class> <!-- trial.Test1 -->
    </test> <!-- Test -->
  </suite> <!-- Suite -->
</testng-results>
